  main.cpp
c:\users\xavier\documents\visual studio 2015\projects\videogame\TileMap.cpp(1): warning C4067: jetons inattendus après la directive du préprocesseur - saut de ligne attendu
c:\users\xavier\documents\visual studio 2015\projects\videogame\TileMap.cpp(30): warning C4244: 'argument' : conversion de 'unsigned int' en 'float', perte possible de données
c:\users\xavier\documents\visual studio 2015\projects\videogame\TileMap.cpp(31): warning C4244: 'argument' : conversion de 'unsigned int' en 'float', perte possible de données
c:\users\xavier\documents\visual studio 2015\projects\videogame\TileMap.cpp(32): warning C4244: 'argument' : conversion de 'unsigned int' en 'float', perte possible de données
c:\users\xavier\documents\visual studio 2015\projects\videogame\TileMap.cpp(33): warning C4244: 'argument' : conversion de 'unsigned int' en 'float', perte possible de données
c:\users\xavier\documents\visual studio 2015\projects\videogame\TileMap.cpp(36): warning C4244: 'argument' : conversion de 'unsigned int' en 'float', perte possible de données
c:\users\xavier\documents\visual studio 2015\projects\videogame\TileMap.cpp(37): warning C4244: 'argument' : conversion de 'unsigned int' en 'float', perte possible de données
c:\users\xavier\documents\visual studio 2015\projects\videogame\TileMap.cpp(38): warning C4244: 'argument' : conversion de 'unsigned int' en 'float', perte possible de données
c:\users\xavier\documents\visual studio 2015\projects\videogame\TileMap.cpp(39): warning C4244: 'argument' : conversion de 'unsigned int' en 'float', perte possible de données
c:\users\xavier\documents\visual studio 2015\projects\videogame\HUD.cpp(15): warning C4244: 'argument' : conversion de 'unsigned int' en 'float', perte possible de données
c:\users\xavier\documents\visual studio 2015\projects\videogame\HUD.cpp(19): warning C4244: 'argument' : conversion de 'unsigned int' en 'float', perte possible de données
c:\users\xavier\documents\visual studio 2015\projects\videogame\HUD.cpp(31): warning C4244: 'argument' : conversion de 'unsigned int' en 'float', perte possible de données
c:\users\xavier\documents\visual studio 2015\projects\videogame\HUD.cpp(33): warning C4244: 'argument' : conversion de 'int' en 'float', perte possible de données
c:\users\xavier\documents\visual studio 2015\projects\videogame\HUD.cpp(34): warning C4244: 'argument' : conversion de 'unsigned int' en 'float', perte possible de données
main.cpp(76): warning C4018: '<' : incompatibilité signed/unsigned
main.cpp(79): warning C4244: 'argument' : conversion de 'int' en 'float', perte possible de données
  moteur.cpp
c:\users\xavier\documents\visual studio 2015\projects\videogame\TileMap.cpp(1): warning C4067: jetons inattendus après la directive du préprocesseur - saut de ligne attendu
c:\users\xavier\documents\visual studio 2015\projects\videogame\TileMap.cpp(30): warning C4244: 'argument' : conversion de 'unsigned int' en 'float', perte possible de données
c:\users\xavier\documents\visual studio 2015\projects\videogame\TileMap.cpp(31): warning C4244: 'argument' : conversion de 'unsigned int' en 'float', perte possible de données
c:\users\xavier\documents\visual studio 2015\projects\videogame\TileMap.cpp(32): warning C4244: 'argument' : conversion de 'unsigned int' en 'float', perte possible de données
c:\users\xavier\documents\visual studio 2015\projects\videogame\TileMap.cpp(33): warning C4244: 'argument' : conversion de 'unsigned int' en 'float', perte possible de données
c:\users\xavier\documents\visual studio 2015\projects\videogame\TileMap.cpp(36): warning C4244: 'argument' : conversion de 'unsigned int' en 'float', perte possible de données
c:\users\xavier\documents\visual studio 2015\projects\videogame\TileMap.cpp(37): warning C4244: 'argument' : conversion de 'unsigned int' en 'float', perte possible de données
c:\users\xavier\documents\visual studio 2015\projects\videogame\TileMap.cpp(38): warning C4244: 'argument' : conversion de 'unsigned int' en 'float', perte possible de données
c:\users\xavier\documents\visual studio 2015\projects\videogame\TileMap.cpp(39): warning C4244: 'argument' : conversion de 'unsigned int' en 'float', perte possible de données
  Génération de code en cours
  19 of 423 functions ( 4.5%) were compiled, the rest were copied from previous compilation.
    0 functions were new in current compilation
    0 functions had inline decision re-evaluated but remain unchanged
  Fin de la génération du code
  VideoGame.vcxproj -> C:\Users\Xavier\Documents\Visual Studio 2015\Projects\VideoGame\Release\VideoGame.exe
