c:\users\xavier\documents\visual studio 2015\projects\videogame\release\vc140.pdb
c:\users\xavier\documents\visual studio 2015\projects\videogame\release\zombie.obj
c:\users\xavier\documents\visual studio 2015\projects\videogame\release\tilemap.obj
c:\users\xavier\documents\visual studio 2015\projects\videogame\release\personnage.obj
c:\users\xavier\documents\visual studio 2015\projects\videogame\release\moteur.obj
c:\users\xavier\documents\visual studio 2015\projects\videogame\release\map.obj
c:\users\xavier\documents\visual studio 2015\projects\videogame\release\main.obj
c:\users\xavier\documents\visual studio 2015\projects\videogame\release\gameplay.obj
c:\users\xavier\documents\visual studio 2015\projects\videogame\release\animation.obj
c:\users\xavier\documents\visual studio 2015\projects\videogame\release\animatedsprite.obj
c:\users\xavier\documents\visual studio 2015\projects\videogame\release\videogame.exe
c:\users\xavier\documents\visual studio 2015\projects\videogame\release\videogame.ipdb
c:\users\xavier\documents\visual studio 2015\projects\videogame\release\videogame.iobj
c:\users\xavier\documents\visual studio 2015\projects\videogame\release\videogame.pdb
c:\users\xavier\documents\visual studio 2015\projects\videogame\release\videogame.tlog\cl.command.1.tlog
c:\users\xavier\documents\visual studio 2015\projects\videogame\release\videogame.tlog\cl.read.1.tlog
c:\users\xavier\documents\visual studio 2015\projects\videogame\release\videogame.tlog\cl.write.1.tlog
c:\users\xavier\documents\visual studio 2015\projects\videogame\release\videogame.tlog\link.command.1.tlog
c:\users\xavier\documents\visual studio 2015\projects\videogame\release\videogame.tlog\link.read.1.tlog
c:\users\xavier\documents\visual studio 2015\projects\videogame\release\videogame.tlog\link.write.1.tlog
